Asking server test case
Got test from server
Transmmitting Data
Transmitted Monitor OK
Reading /home/pingbox/pingbox/cached_pings.yml
Uploading file to s3
Sent all data to s3
Saved Files
Asking server test case
Got test from server
Transmmitting Data
Transmitted Monitor OK
Reading /home/pingbox/pingbox/cached_pings.yml
Uploading file to s3
Sent all data to s3
Saved Files
Asking server test case
Got test from server
Transmmitting Data
Transmitted Monitor OK
Reading /home/pingbox/pingbox/cached_pings.yml
Uploading file to s3
Sent all data to s3
Saved Files
Asking server test case
Got test from server
Transmmitting Data
Transmitted Monitor OK
Reading /home/pingbox/pingbox/cached_pings.yml
Uploading file to s3
Sent all data to s3
Saved Files
Asking server test case
Got test from server
Transmmitting Data
Transmitted Monitor OK
Reading /home/pingbox/pingbox/cached_pings.yml
Uploading file to s3
Sent all data to s3
Saved Files
Asking server test case
Got test from server
Transmmitting Data
Transmitted Monitor OK
Reading /home/pingbox/pingbox/cached_pings.yml
Uploading file to s3
Sent all data to s3
Saved Files
Asking server test case
Got test from server
Transmmitting Data
Transmitted Monitor OK
Reading /home/pingbox/pingbox/cached_pings.yml
Uploading file to s3
Sent all data to s3
Saved Files
Asking server test case
Got test from server
Transmmitting Data
Transmitted Monitor OK
Asking server test case
Got test from server
Transmmitting Data
Transmitted Monitor OK
Reading /home/pingbox/pingbox/cached_pings.yml
Uploading file to s3
Sent all data to s3
Saved Files
Asking server test case
Got test from server
Transmmitting Data
Transmitted Monitor OK
Reading /home/pingbox/pingbox/cached_pings.yml
Uploading file to s3
Sent all data to s3
Saved Files
Asking server test case
Got test from server
Transmmitting Data
Transmitted Monitor OK
Reading /home/pingbox/pingbox/cached_pings.yml
Uploading file to s3
Sent all data to s3
Saved Files
